<?xml version="1.0" encoding="UTF-8"?>
<!-- Generated by org.testng.reporters.JUnitReportReporter -->
<testsuite hostname="cubet-Lenovo" failures="0" tests="1" name="bloomsProject.Tests.AdministrationModule" time="33.257" errors="0" timestamp="2023-12-14T16:16:18 IST" skipped="0">
  <testcase classname="bloomsProject.Tests.AdministrationModule" name="deleteClinic" time="33.257"/>
  <system-out/>
</testsuite> <!-- bloomsProject.Tests.AdministrationModule -->
