<?xml version="1.0" encoding="UTF-8"?>
<!-- Generated by org.testng.reporters.JUnitReportReporter -->
<testsuite hostname="cubet-Lenovo" failures="0" tests="3" name="bloomsProject.Tests.ClinicModule" time="74.339" errors="0" timestamp="2024-01-15T15:40:40 IST" skipped="0">
  <testcase classname="bloomsProject.Tests.ClinicModule" name="searchClinic" time="26.729"/>
  <system-out/>
  <testcase classname="bloomsProject.Tests.ClinicModule" name="addClinic" time="22.888"/>
  <system-out/>
  <testcase classname="bloomsProject.Tests.ClinicModule" name="editClinic" time="24.722"/>
  <system-out/>
</testsuite> <!-- bloomsProject.Tests.ClinicModule -->
